{"contracts/FundMe.sol":{"l":{"82":21,"93":6,"95":5,"97":4,"99":3,"100":3,"109":3,"118":0,"120":0,"122":0,"123":0,"124":0,"134":0,"136":0,"138":0,"140":0,"143":0,"145":0,"147":0,"157":0,"159":0,"161":0,"163":0,"164":0,"165":0,"166":0,"175":0,"176":0,"178":0,"180":0,"182":0,"184":0,"185":0,"187":0,"195":0,"197":0,"201":0,"204":0,"206":0,"208":0,"210":0},"path":"/Users/vincent/Desktop/CrowdFund/contracts/FundMe.sol","s":{"1":21,"2":6,"3":5,"4":4,"5":3,"6":3,"7":3,"8":0,"9":0,"10":0,"11":0,"12":0,"13":0,"14":0,"15":0,"16":0,"17":0,"18":0,"19":0,"20":0,"21":0,"22":0,"23":0,"24":0,"25":0,"26":0,"27":0,"28":0,"29":0,"30":0,"31":0,"32":0,"33":0,"34":0,"35":0,"36":0,"37":0,"38":0,"39":0,"40":0},"b":{"1":[5,1],"2":[4,1],"3":[3,1],"4":[0,0],"5":[0,0],"6":[0,0],"7":[0,0],"8":[0,0],"9":[0,0],"10":[0,0],"11":[0,0],"12":[0,0],"13":[0,0],"14":[0,0],"15":[0,0]},"f":{"1":21,"2":6,"3":0,"4":0,"5":0,"6":0,"7":0},"fnMap":{"1":{"name":"constructor","line":80,"loc":{"start":{"line":80,"column":4},"end":{"line":83,"column":4}}},"2":{"name":"launch","line":90,"loc":{"start":{"line":90,"column":4},"end":{"line":110,"column":4}}},"3":{"name":"cancel","line":116,"loc":{"start":{"line":116,"column":4},"end":{"line":125,"column":4}}},"4":{"name":"pledge","line":130,"loc":{"start":{"line":130,"column":4},"end":{"line":148,"column":4}}},"5":{"name":"unpledge","line":153,"loc":{"start":{"line":153,"column":4},"end":{"line":167,"column":4}}},"6":{"name":"claim","line":173,"loc":{"start":{"line":173,"column":4},"end":{"line":188,"column":4}}},"7":{"name":"refund","line":193,"loc":{"start":{"line":193,"column":4},"end":{"line":211,"column":4}}}},"statementMap":{"1":{"start":{"line":82,"column":8},"end":{"line":82,"column":29}},"2":{"start":{"line":93,"column":8},"end":{"line":93,"column":70}},"3":{"start":{"line":95,"column":8},"end":{"line":95,"column":55}},"4":{"start":{"line":97,"column":8},"end":{"line":97,"column":76}},"5":{"start":{"line":99,"column":8},"end":{"line":99,"column":17}},"6":{"start":{"line":100,"column":8},"end":{"line":100,"column":4280}},"7":{"start":{"line":109,"column":8},"end":{"line":109,"column":63}},"8":{"start":{"line":118,"column":8},"end":{"line":118,"column":49}},"9":{"start":{"line":120,"column":8},"end":{"line":120,"column":61}},"10":{"start":{"line":122,"column":8},"end":{"line":122,"column":78}},"11":{"start":{"line":124,"column":8},"end":{"line":124,"column":24}},"12":{"start":{"line":134,"column":8},"end":{"line":134,"column":50}},"13":{"start":{"line":136,"column":8},"end":{"line":136,"column":75}},"14":{"start":{"line":138,"column":8},"end":{"line":138,"column":71}},"15":{"start":{"line":140,"column":8},"end":{"line":140,"column":34}},"16":{"start":{"line":143,"column":8},"end":{"line":143,"column":48}},"17":{"start":{"line":145,"column":8},"end":{"line":145,"column":61}},"18":{"start":{"line":147,"column":8},"end":{"line":147,"column":45}},"19":{"start":{"line":157,"column":8},"end":{"line":157,"column":50}},"20":{"start":{"line":159,"column":8},"end":{"line":159,"column":71}},"21":{"start":{"line":161,"column":8},"end":{"line":161,"column":57}},"22":{"start":{"line":163,"column":8},"end":{"line":163,"column":34}},"23":{"start":{"line":164,"column":8},"end":{"line":164,"column":48}},"24":{"start":{"line":165,"column":8},"end":{"line":165,"column":42}},"25":{"start":{"line":166,"column":8},"end":{"line":166,"column":47}},"26":{"start":{"line":175,"column":8},"end":{"line":175,"column":50}},"27":{"start":{"line":176,"column":8},"end":{"line":176,"column":61}},"28":{"start":{"line":178,"column":8},"end":{"line":178,"column":74}},"29":{"start":{"line":180,"column":8},"end":{"line":180,"column":67}},"30":{"start":{"line":182,"column":8},"end":{"line":182,"column":44}},"31":{"start":{"line":184,"column":8},"end":{"line":184,"column":30}},"32":{"start":{"line":185,"column":8},"end":{"line":185,"column":51}},"33":{"start":{"line":187,"column":8},"end":{"line":187,"column":23}},"34":{"start":{"line":195,"column":8},"end":{"line":195,"column":50}},"35":{"start":{"line":197,"column":8},"end":{"line":197,"column":74}},"36":{"start":{"line":201,"column":8},"end":{"line":201,"column":66}},"37":{"start":{"line":204,"column":8},"end":{"line":204,"column":56}},"38":{"start":{"line":206,"column":8},"end":{"line":206,"column":41}},"39":{"start":{"line":208,"column":8},"end":{"line":208,"column":42}},"40":{"start":{"line":210,"column":8},"end":{"line":210,"column":45}}},"branchMap":{"1":{"line":93,"type":"if","locations":[{"start":{"line":93,"column":8},"end":{"line":93,"column":8}},{"start":{"line":93,"column":8},"end":{"line":93,"column":8}}]},"2":{"line":95,"type":"if","locations":[{"start":{"line":95,"column":8},"end":{"line":95,"column":8}},{"start":{"line":95,"column":8},"end":{"line":95,"column":8}}]},"3":{"line":97,"type":"if","locations":[{"start":{"line":97,"column":8},"end":{"line":97,"column":8}},{"start":{"line":97,"column":8},"end":{"line":97,"column":8}}]},"4":{"line":120,"type":"if","locations":[{"start":{"line":120,"column":8},"end":{"line":120,"column":8}},{"start":{"line":120,"column":8},"end":{"line":120,"column":8}}]},"5":{"line":122,"type":"if","locations":[{"start":{"line":122,"column":8},"end":{"line":122,"column":8}},{"start":{"line":122,"column":8},"end":{"line":122,"column":8}}]},"6":{"line":136,"type":"if","locations":[{"start":{"line":136,"column":8},"end":{"line":136,"column":8}},{"start":{"line":136,"column":8},"end":{"line":136,"column":8}}]},"7":{"line":138,"type":"if","locations":[{"start":{"line":138,"column":8},"end":{"line":138,"column":8}},{"start":{"line":138,"column":8},"end":{"line":138,"column":8}}]},"8":{"line":159,"type":"if","locations":[{"start":{"line":159,"column":8},"end":{"line":159,"column":8}},{"start":{"line":159,"column":8},"end":{"line":159,"column":8}}]},"9":{"line":161,"type":"if","locations":[{"start":{"line":161,"column":8},"end":{"line":161,"column":8}},{"start":{"line":161,"column":8},"end":{"line":161,"column":8}}]},"10":{"line":176,"type":"if","locations":[{"start":{"line":176,"column":8},"end":{"line":176,"column":8}},{"start":{"line":176,"column":8},"end":{"line":176,"column":8}}]},"11":{"line":178,"type":"if","locations":[{"start":{"line":178,"column":8},"end":{"line":178,"column":8}},{"start":{"line":178,"column":8},"end":{"line":178,"column":8}}]},"12":{"line":180,"type":"if","locations":[{"start":{"line":180,"column":8},"end":{"line":180,"column":8}},{"start":{"line":180,"column":8},"end":{"line":180,"column":8}}]},"13":{"line":182,"type":"if","locations":[{"start":{"line":182,"column":8},"end":{"line":182,"column":8}},{"start":{"line":182,"column":8},"end":{"line":182,"column":8}}]},"14":{"line":197,"type":"if","locations":[{"start":{"line":197,"column":8},"end":{"line":197,"column":8}},{"start":{"line":197,"column":8},"end":{"line":197,"column":8}}]},"15":{"line":201,"type":"if","locations":[{"start":{"line":201,"column":8},"end":{"line":201,"column":8}},{"start":{"line":201,"column":8},"end":{"line":201,"column":8}}]}}}}